\BOOKMARK [0][-]{chapter*.3}{Lista de Figuras}{}
\BOOKMARK [0][-]{chapter*.4}{Lista de Tabelas}{}
\BOOKMARK [0][-]{chapter*.5}{Lista de Siglas}{}
\BOOKMARK [0][-]{chapter*.6}{Resumo}{}
\BOOKMARK [0][-]{chapter*.7}{Abstract}{}
\BOOKMARK [0][-]{chapter.abstract.1}{INTRODU\307\303O}{}
\BOOKMARK [1][-]{section.abstract.1.1}{Vis\343o geral}{chapter.abstract.1}
\BOOKMARK [1][-]{section.abstract.1.2}{Objetivo, justificativa e motiva\347\343o}{chapter.abstract.1}
\BOOKMARK [0][-]{chapter.abstract.2}{REFERENCIAL TE\323RICO}{}
\BOOKMARK [1][-]{section.abstract.2.1}{Terrenos fractais}{chapter.abstract.2}
\BOOKMARK [2][-]{subsection.abstract.2.1.1}{Ru\355do de Perlin}{section.abstract.2.1}
\BOOKMARK [2][-]{subsection.abstract.2.1.2}{Fractal plasma}{section.abstract.2.1}
\BOOKMARK [0][-]{chapter.abstract.3}{METODOLOGIA}{}
\BOOKMARK [1][-]{section.abstract.3.1}{Tipo de Pesquisa}{chapter.abstract.3}
\BOOKMARK [1][-]{section.abstract.3.2}{Procedimentos metodol\363gicos}{chapter.abstract.3}
\BOOKMARK [0][-]{chapter.abstract.4}{RESULTADOS E DISCUSS\303O}{}
\BOOKMARK [1][-]{section.abstract.4.1}{Testes}{chapter.abstract.4}
\BOOKMARK [2][-]{subsection.abstract.4.1.1}{Teste 1}{section.abstract.4.1}
\BOOKMARK [2][-]{subsection.abstract.4.1.2}{Teste 2}{section.abstract.4.1}
\BOOKMARK [2][-]{subsection.abstract.4.1.3}{Teste 3}{section.abstract.4.1}
\BOOKMARK [0][-]{chapter.abstract.5}{CONCLUS\325ES E TRABALHOS FUTUROS}{}
\BOOKMARK [0][-]{chapter.abstract.5}{Refer\352ncias Bibliogr\341ficas}{}
